Battle log — Sat Jul 11 2026 19:47:06 GMT+1000 (Australian Eastern Standard Time)
Result: VICTORY on turn 4 (4 player / 3 enemy turns resolved)

Player team (final state):
  Seras (seras) — HP 1595/1595, ATK 269, DEF 71, ULT 1/5
  Yalina (yalina) — HP 114/1408, ATK 30, DEF 59, ULT 4/5
  Diane (diane) — HP 1312/1312, ATK 354, DEF 94, ULT 0/5
  Sara (sara) [sub] — HP 1616/1616, ATK 34, DEF 68, ULT 0/5
Enemy team (final state):
  Gon Freecss (gon) — HP 0/2099, ATK 260, DEF 120, ULT 1/5
  Killua Zoldyck (killua) — HP 0/2173, ATK 264, DEF 129, ULT 1/5
  Leorio Paradinight (leorio) — HP 0/1538, ATK 246, DEF 122, ULT 1/5
  Lyra (lyra) — HP 0/1331, ATK 233, DEF 113, ULT 2/5

--- Full event log (84 entries) ---
--- BATTLE STARTED: 4v4 ---
Evaluating mechanics for Seras [Charged]
Seras gained 10% all from Seras's Charged!
Evaluating mechanics for Diane [Giant's Will]
Diane gained 5% all from Diane's Giant's Will!
Evaluating mechanics for Sara [Nine Lives]
Seras gained 15% damageDealt from Sara's Nine Lives!
Yalina gained 15% damageDealt from Sara's Nine Lives!
Sara gained 15% damageDealt from Sara's Nine Lives!
Evaluating mechanics for Gon Freecss [Rookie Hunter]
Gon Freecss gained 5% all from Gon Freecss's Rookie Hunter!
Killua Zoldyck gained 5% all from Gon Freecss's Rookie Hunter!
Leorio Paradinight gained 5% all from Gon Freecss's Rookie Hunter!
Evaluating mechanics for Killua Zoldyck [Prodigy Assassin]
Gon Freecss gained 5% all from Killua Zoldyck's Prodigy Assassin!
Killua Zoldyck gained 5% all from Killua Zoldyck's Prodigy Assassin!
Leorio Paradinight gained 5% all from Killua Zoldyck's Prodigy Assassin!
Evaluating mechanics for Leorio Paradinight [Kind Hearted Friend]
Gon Freecss gained 5% all from Leorio Paradinight's Kind Hearted Friend!
Killua Zoldyck gained 5% all from Leorio Paradinight's Kind Hearted Friend!
Leorio Paradinight gained 5% all from Leorio Paradinight's Kind Hearted Friend!
Evaluating mechanics for Leorio Paradinight [Kind Hearted Friend (base)]
Gon Freecss gains +10% all stats from Leorio Paradinight's Kind Hearted Friend!
Killua Zoldyck gains +10% all stats from Leorio Paradinight's Kind Hearted Friend!
Leorio Paradinight gains +10% all stats from Leorio Paradinight's Kind Hearted Friend!
Lyra gains +10% all stats from Leorio Paradinight's Kind Hearted Friend!
Evaluating mechanics for Leorio Paradinight [Kind Hearted Friend (extra)]
Gon Freecss gains an extra +10% all stats — the friends fight together!
Killua Zoldyck gains an extra +10% all stats — the friends fight together!
Leorio Paradinight gains an extra +10% all stats — the friends fight together!
Lyra gains an extra +10% all stats — the friends fight together!
Evaluating mechanics for Diane [Giant's Will (ramp)]
Yalina gains Momentum! (1/5)
[Action] Yalina gained stance to damageReduction by 25%  for 1 turn.
[Action] Yalina used Attention Drawer on Gon Freecss causing applied taunt for 1 turn
[Action] Yalina used Attention Drawer on Killua Zoldyck causing applied taunt for 1 turn
[Action] Yalina used Attention Drawer on Leorio Paradinight causing applied taunt for 1 turn
Yalina gains Momentum! (2/5)
[Action] Diane used Ground Gladius and dealt 340 damage to Gon Freecss.
[Action] Diane used Ground Gladius and dealt 369 damage to Killua Zoldyck.
[Action] Diane used Ground Gladius and dealt 451 damage to Leorio Paradinight.
Yalina gains Momentum! (3/5)
[Action] Seras used Chain Tempest and dealt 978 damage to Gon Freecss.
[Action] Seras used Chain Tempest and dealt 947 damage to Killua Zoldyck.
[Action] Seras used Chain Tempest and dealt 971 damage to Leorio Paradinight.
Evaluating mechanics for Leorio Paradinight [Kind Hearted Friend (extra)]
[Action] Killua Zoldyck was taunted and redirected to Yalina.
[Action] Killua Zoldyck used Lightning Palm and dealt 303 damage to Yalina causing broke the taunt, cancelled stances.
[Action] Gon Freecss gained buff to atk by 30%  for 1 turn.
[Action] Gon Freecss used Jajanken: Rock and dealt 346 damage to Yalina.
[Action] Leorio Paradinight used Member of the Zodiac on Leorio Paradinight causing applied buff to atk by 15%  for 1 turn, applied buff to def by 15%  for 1 turn
Evaluating mechanics for Diane [Giant's Will (ramp)]
Diane's Giant's Will: ATK +15% (1/5).
Yalina gains Momentum! (4/5)
[Action] Seras used Static Lance and dealt 315 damage to Killua Zoldyck causing applied Shock (94/turn) for 4 turns.
Yalina gains Momentum! (5/5)
[Action] Seras used Chain Tempest and dealt 264 damage to Gon Freecss.
[Action] Seras used Chain Tempest and dealt 761 damage to Killua Zoldyck causing defeated.
[Action] Seras used Chain Tempest and dealt 241 damage to Leorio Paradinight causing defeated.
[Action] Diane used Ground Gladius and dealt 531 damage to Gon Freecss causing defeated.
[System] Lyra enters the field from the sub position!
Lyra's passive 'First Action: Unbreakable Ice' triggered!
[Action] Lyra used Red Ice: Volcanic Frost and dealt 348 damage to Yalina causing applied decay for 2 turns.
Evaluating mechanics for Diane [Giant's Will (ramp)]
Diane's Giant's Will: ATK +15% (2/5).
[Action] Yalina gained stance to damageReduction by 40%  for 1 turn.
[Action] Yalina used Attention Drawer on Lyra causing applied taunt for 1 turn
[Action] Seras used Static Lance and dealt 269 damage to Lyra causing applied Shock (80/turn) for 4 turns.
Yalina amplifies attack (+10% dmg)!
Yalina uses Momentum for +100% damage!
[Action] Yalina used Unexpected Strike and dealt 113 damage to Lyra.
[System] Yalina takes 34 damage from DoT.
Lyra's passive 'First Action: Unbreakable Ice' triggered!
[Action] Lyra was taunted and redirected to Yalina.
[Action] Lyra used Red Ice: Volcanic Frost and dealt 209 damage to Yalina causing applied decay for 2 turns.
[System] Lyra takes 80 damage from DoT.
Evaluating mechanics for Diane [Giant's Will (ramp)]
Diane's Giant's Will: ATK +15% (3/5).
Yalina gains Momentum! (1/5)
[Action] Seras used Heavenfall Bolt and dealt 2174 damage to Lyra causing defeated.
Yalina gains Momentum! (2/5)
Yalina gains Momentum! (3/5)
[System] Yalina takes 54 damage from DoT.
VICTORY!
